<?xml version="1.0" encoding="UTF-8"?>
<!-- Generated by org.testng.reporters.JUnitReportReporter -->
<testsuite hostname="A-RK71TVHJV9G4J" failures="0" tests="2" name="com.citi.test.LoginTest" time="42.681" errors="0" timestamp="2023-07-31T10:21:54 IST" skipped="0">
  <testcase classname="com.citi.test.LoginTest" name="invalidLoginTest" time="19.592"/>
  <testcase classname="com.citi.test.LoginTest" name="invalidLoginTest" time="23.089"/>
</testsuite> <!-- com.citi.test.LoginTest -->
