<?xml version="1.0" encoding="UTF-8"?>
<!-- Generated by org.testng.reporters.JUnitReportReporter -->
<testsuite hostname="A-RK71TVHJV9G4J" failures="0" tests="2" name="com.citi.runner.RunnerTest" time="26.657" errors="0" timestamp="2023-07-31T13:41:57 IST" skipped="0">
  <testcase classname="com.citi.runner.RunnerTest" name="runScenario" time="11.984"/>
  <testcase classname="com.citi.runner.RunnerTest" name="runScenario" time="14.673"/>
</testsuite> <!-- com.citi.runner.RunnerTest -->
