<?xml version="1.0" encoding="UTF-8"?>
<!-- Generated by org.testng.reporters.JUnitReportReporter -->
<testsuite hostname="A-RK71TVHJV9G4J" failures="0" tests="1" name="com.citi.test.LoginUITest" time="8.626" errors="0" timestamp="2023-07-31T11:09:56 IST" skipped="0">
  <testcase classname="com.citi.test.LoginUITest" name="TitleTest" time="8.626"/>
</testsuite> <!-- com.citi.test.LoginUITest -->
