<?xml version="1.0" encoding="UTF-8"?>
<!-- Generated by org.testng.reporters.JUnitReportReporter -->
<testsuite hostname="A-RK71TVHJV9G4J" failures="0" tests="2" name="com.citi.test.LoginUITest" time="0.060" errors="0" timestamp="2023-07-28T12:53:01 IST" skipped="0">
  <testcase classname="com.citi.test.LoginUITest" name="appDescriptionTest" time="0.042"/>
  <testcase classname="com.citi.test.LoginUITest" name="TitleTest" time="0.018"/>
</testsuite> <!-- com.citi.test.LoginUITest -->
