<?xml version="1.0" encoding="UTF-8"?>
<!-- Generated by org.testng.reporters.JUnitReportReporter -->
<testsuite hostname="A-RK71TVHJV9G4J" failures="0" tests="3" name="com.citi.test.LoginTest" time="35.865" errors="0" timestamp="2023-07-31T11:09:56 IST" skipped="0">
  <testcase classname="com.citi.test.LoginTest" name="validLoginTest" time="12.041"/>
  <testcase classname="com.citi.test.LoginTest" name="validLoginTest" time="11.919"/>
  <testcase classname="com.citi.test.LoginTest" name="validLoginTest" time="11.905"/>
</testsuite> <!-- com.citi.test.LoginTest -->
