<?xml version="1.0" encoding="UTF-8"?>
<!-- Generated by org.testng.reporters.JUnitReportReporter -->
<testsuite hostname="A-RK71TVHJV9G4J" failures="0" tests="3" name="com.citi.test.ZDemo1Test" time="12.798" errors="0" timestamp="2023-07-28T13:10:08 IST" skipped="0">
  <testcase classname="com.citi.test.ZDemo1Test" name="validLoginTest" time="8.623"/>
  <testcase classname="com.citi.test.ZDemo1Test" name="validLoginTest" time="0.836"/>
  <testcase classname="com.citi.test.ZDemo1Test" name="validLoginTest" time="3.339"/>
</testsuite> <!-- com.citi.test.ZDemo1Test -->
